<?xml version="1.0" encoding="UTF-8"?>
<!-- Generated by org.testng.reporters.JUnitReportReporter -->
<testsuite skipped="0" hostname="DESKTOP-SP10L72" name="com.PlaylistApplication.SeleniumTest.PlaylistApplicationSelTests" tests="1" failures="0" timestamp="2020-04-11T16:58:43 IST" time="7.483" errors="0">
  <testcase name="testCreatePlaylistUI" time="7.483" classname="com.PlaylistApplication.SeleniumTest.PlaylistApplicationSelTests"/>
</testsuite> <!-- com.PlaylistApplication.SeleniumTest.PlaylistApplicationSelTests -->
