<?xml version="1.0" encoding="UTF-8"?>
<!-- Generated by org.testng.reporters.JUnitReportReporter -->
<testsuite skipped="0" hostname="DESKTOP-SP10L72" name="com.PlaylistApplication.SeleniumTest.PlaylistApplicationSelTests" tests="1" failures="0" timestamp="2020-04-12T21:18:51 IST" time="9.650" errors="0">
  <testcase name="testCreatePlaylistUI" time="9.650" classname="com.PlaylistApplication.SeleniumTest.PlaylistApplicationSelTests"/>
</testsuite> <!-- com.PlaylistApplication.SeleniumTest.PlaylistApplicationSelTests -->
